app/mapping.txt
# compiler: R8
# compiler_version: 9.3.16
# min_api: 26
# common_typos_disable
# {"id":"com.android.tools.r8.mapping","version":"2.2"}
# pg_map_id: c350aaf58733ce08f1b604f49efdaf27a3bf823fea0f5521fc28019fd3236640
# pg_map_hash: SHA-256 c350aaf58733ce08f1b604f49efdaf27a3bf823fea0f5521fc28019fd3236640
com.appmindlab.nano.AddNoteWidgetProvider -> com.appmindlab.nano.AddNoteWidgetProvider:
# {"id":"sourceFile","fileName":"AddNoteWidgetProvider.java"}
    1:4:void <init>():14:14 -> <init>
    1:7:void onUpdate(android.content.Context,android.appwidget.AppWidgetManager,int[]):20:20 -> onUpdate
    8:11:void onUpdate(android.content.Context,android.appwidget.AppWidgetManager,int[]):21:21 -> onUpdate
    12:18:void onUpdate(android.content.Context,android.appwidget.AppWidgetManager,int[]):22:22 -> onUpdate
    19:30:void onUpdate(android.content.Context,android.appwidget.AppWidgetManager,int[]):24:24 -> onUpdate
    31:37:void onUpdate(android.content.Context,android.appwidget.AppWidgetManager,int[]):27:27 -> onUpdate
    38:44:void onUpdate(android.content.Context,android.appwidget.AppWidgetManager,int[]):28:28 -> onUpdate
    45:49:void onUpdate(android.content.Context,android.appwidget.AppWidgetManager,int[]):29:29 -> onUpdate
    50:56:void onUpdate(android.content.Context,android.appwidget.AppWidgetManager,int[]):31:31 -> onUpdate
    57:59:void onUpdate(android.content.Context,android.appwidget.AppWidgetManager,int[]):32:32 -> onUpdate
    60:66:void onUpdate(android.content.Context,android.appwidget.AppWidgetManager,int[]):33:33 -> onUpdate
com.appmindlab.nano.BackupAgent -> com.appmindlab.nano.BackupAgent:
# {"id":"sourceFile","fileName":"BackupAgent.java"}
    1:4:void <init>():9:9 -> <init>
    1:11:void onCreate():12:12 -> onCreate
    12:16:void onCreate():14:14 -> onCreate
    17:20:void onCreate():15:15 -> onCreate
com.appmindlab.nano.BackupJobService -> com.appmindlab.nano.BackupJobService:
# {"id":"sourceFile","fileName":"BackupJobService.java"}
    com.appmindlab.nano.DataSource mDatasource -> c
      # {"id":"com.android.tools.r8.residualsignature","signature":"Lcom/appmindlab/nano/d;"}
    java.lang.String mSubDirPath -> d
    android.content.SharedPreferences mSharedPreferences -> e
    java.lang.String mLocalRepoPath -> f
    android.net.Uri mBackupUri -> g
    int mMaxDeletedCopiesAge -> h
    android.app.NotificationManager mNotifyManager -> i
    androidx.core.app.NotificationCompat$Builder mBuilder -> j
      # {"id":"com.android.tools.r8.residualsignature","signature":"Ln21;"}
    androidx.core.app.NotificationCompat$BigTextStyle mBigTextStyle -> k
      # {"id":"com.android.tools.r8.residualsignature","signature":"Ll21;"}
    android.app.PendingIntent mIntent -> l
    int mMaxBackupCount -> m
    1:3:void <init>():34:34 -> <init>
    4:7:void <init>():39:39 -> <init>
    8:15:void <init>():52:52 -> <init>
    5:10:void backupAppData(android.content.Context):167:167 -> backupAppData
    11:16:void backupAppData(android.content.Context):168:168 -> backupAppData
    17:26:void backupAppData(android.content.Context):171:171 -> backupAppData
    27:30:void backupAppData(android.content.Context):172:172 -> backupAppData
    31:37:void backupAppData(android.content.Context):175:175 -> backupAppData
    38:43:void backupAppData(android.content.Context):176:176 -> backupAppData
...
androidx.preference.PreferenceGroup$SavedState$1 -> androidx.preference.e:
# {"id":"sourceFile","fileName":"PreferenceGroup.java"}
    1:6:androidx.preference.PreferenceGroup$SavedState createFromParcel(android.os.Parcel):585:585 -> createFromParcel
    7:7:java.lang.Object createFromParcel(android.os.Parcel):582:582 -> createFromParcel
    1:5:java.lang.Object[] newArray(int):582:582 -> newArray
    6:6:androidx.preference.PreferenceGroup$SavedState[] newArray(int):590:590 -> newArray
androidx.preference.PreferenceScreen -> androidx.preference.PreferenceScreen:
# {"id":"sourceFile","fileName":"PreferenceScreen.java"}
    7:14:void <init>(android.content.Context,android.util.AttributeSet):55:55 -> <init>
androidx.preference.R$styleable -> t91:
    int[] CheckBoxPreference -> a
    int[] DialogPreference -> b
    int[] EditTextPreference -> c
    int[] ListPreference -> d
    int[] MultiSelectListPreference -> e
    int[] Preference -> f
    int[] PreferenceGroup -> g
    int[] PreferenceImageView -> h
    int[] SeekBarPreference -> i
    int[] SwitchPreference -> j
    int[] SwitchPreferenceCompat -> k
    2:118:void <clinit>():0:0 -> <clinit>
androidx.preference.SeekBarPreference -> androidx.preference.SeekBarPreference:
# {"id":"sourceFile","fileName":"SeekBarPreference.java"}
    int mMin -> m
    int mMax -> n
    int mSeekBarIncrement -> o
    1:3:void <init>(android.content.Context,android.util.AttributeSet,int,int):137:137 -> <init>
    4:11:void <init>(android.content.Context,android.util.AttributeSet,int,int):139:139 -> <init>
    12:20:void <init>(android.content.Context,android.util.AttributeSet,int,int):145:145 -> <init>
    21:28:void <init>(android.content.Context,android.util.AttributeSet,int,int):146:146 -> <init>
    29:36:void <init>(android.content.Context,android.util.AttributeSet,int,int):147:147 -> <init>
    37:40:void <init>(android.content.Context,android.util.AttributeSet,int,int):148:148 -> <init>
    41:44:void <init>(android.content.Context,android.util.AttributeSet,int,int):149:149 -> <init>
    45:47:void <init>(android.content.Context,android.util.AttributeSet,int,int):150:150 -> <init>
    48:51:void <init>(android.content.Context,android.util.AttributeSet,int,int):152:152 -> <init>
    52:52:void <init>(android.content.Context,android.util.AttributeSet,int):157:157 -> <init>
    53:53:void <init>(android.content.Context,android.util.AttributeSet):161:161 -> <init>
    2:10:java.lang.Object onGetDefaultValue(android.content.res.TypedArray,int):212:212 -> onGetDefaultValue
    1:5:void setMax(int):279:279 -> setMax
    6:9:void setMax(int):282:282 -> setMax
androidx.preference.SeekBarPreference$SavedState -> androidx.preference.SeekBarPreference$SavedState:
# {"id":"sourceFile","fileName":"SeekBarPreference.java"}
    int mSeekBarValue -> c
    int mMin -> d
    int mMax -> e
    1:2:void <clinit>():457:457 -> <clinit>
    3:5:void androidx.preference.SeekBarPreference$SavedState$1.<init>():458:458 -> <clinit>
    3:5:void <clinit>():457 -> <clinit>
    6:8:void <clinit>():457:457 -> <clinit>
    1:3:void <init>(android.os.Parcel):475:475 -> <init>
    4:9:void <init>(android.os.Parcel):478:478 -> <init>
    10:15:void <init>(android.os.Parcel):479:479 -> <init>
    16:22:void <init>(android.os.Parcel):480:480 -> <init>
    1:3:void writeToParcel(android.os.Parcel,int):489:489 -> writeToParcel
    4:8:void writeToParcel(android.os.Parcel,int):492:492 -> writeToParcel
    9:13:void writeToParcel(android.os.Parcel,int):493:493 -> writeToParcel
    14:19:void writeToParcel(android.os.Parcel,int):494:494 -> writeToParcel